[I 2026-09-25 21:53:12,213] A new study created in RDB with name: fsm-param-optimization
trial 0: value=-48.00 blocks=0 drops=8 params={'MOUNT_SPEED': 870, 'IR_TRIGGER': 0.7679642991664456, 'FALL_THRESHOLD': 315, 'EDGE_THRESHOLD': 540, 'RECOVER_LIMIT': 2}
[I 2026-09-25 21:53:13,900] Trial 0 finished with value: -48.0 and parameters: {'MOUNT_SPEED': 870, 'IR_TRIGGER': 0.7679642991664456, 'FALL_THRESHOLD': 315, 'EDGE_THRESHOLD': 540, 'RECOVER_LIMIT': 2}. Best is trial 0 with value: -48.0.
trial 1: value=0.00 blocks=0 drops=0 params={'MOUNT_SPEED': 650, 'IR_TRIGGER': 0.18775434790932966, 'FALL_THRESHOLD': 360, 'EDGE_THRESHOLD': 540, 'RECOVER_LIMIT': 6}
[I 2026-09-25 21:53:15,771] Trial 1 finished with value: 0.0 and parameters: {'MOUNT_SPEED': 650, 'IR_TRIGGER': 0.18775434790932966, 'FALL_THRESHOLD': 360, 'EDGE_THRESHOLD': 540, 'RECOVER_LIMIT': 6}. Best is trial 1 with value: 0.0.
trial 2: value=-36.00 blocks=0 drops=16 params={'MOUNT_SPEED': 520, 'IR_TRIGGER': 0.7804414039052964, 'FALL_THRESHOLD': 350, 'EDGE_THRESHOLD': 290, 'RECOVER_LIMIT': 2}
[I 2026-09-25 21:53:18,121] Trial 2 finished with value: -36.0 and parameters: {'MOUNT_SPEED': 520, 'IR_TRIGGER': 0.7804414039052964, 'FALL_THRESHOLD': 350, 'EDGE_THRESHOLD': 290, 'RECOVER_LIMIT': 2}. Best is trial 1 with value: 0.0.
trial 3: value=-17.00 blocks=1 drops=8 params={'MOUNT_SPEED': 680, 'IR_TRIGGER': 0.3477574579236995, 'FALL_THRESHOLD': 250, 'EDGE_THRESHOLD': 430, 'RECOVER_LIMIT': 3}
[I 2026-09-25 21:53:21,106] Trial 3 finished with value: -17.0 and parameters: {'MOUNT_SPEED': 680, 'IR_TRIGGER': 0.3477574579236995, 'FALL_THRESHOLD': 250, 'EDGE_THRESHOLD': 430, 'RECOVER_LIMIT': 3}. Best is trial 1 with value: 0.0.
trial 4: value=-32.00 blocks=0 drops=22 params={'MOUNT_SPEED': 1110, 'IR_TRIGGER': 0.2406710094238272, 'FALL_THRESHOLD': 170, 'EDGE_THRESHOLD': 390, 'RECOVER_LIMIT': 4}
[I 2026-09-25 21:53:23,588] Trial 4 finished with value: -32.0 and parameters: {'MOUNT_SPEED': 1110, 'IR_TRIGGER': 0.2406710094238272, 'FALL_THRESHOLD': 170, 'EDGE_THRESHOLD': 390, 'RECOVER_LIMIT': 4}. Best is trial 1 with value: 0.0.
trial 5: value=-13.00 blocks=1 drops=14 params={'MOUNT_SPEED': 1290, 'IR_TRIGGER': 0.2797879584029338, 'FALL_THRESHOLD': 245, 'EDGE_THRESHOLD': 540, 'RECOVER_LIMIT': 1}
[I 2026-09-25 21:53:26,360] Trial 5 finished with value: -13.0 and parameters: {'MOUNT_SPEED': 1290, 'IR_TRIGGER': 0.2797879584029338, 'FALL_THRESHOLD': 245, 'EDGE_THRESHOLD': 540, 'RECOVER_LIMIT': 1}. Best is trial 1 with value: 0.0.
trial 6: value=-63.00 blocks=4 drops=67 params={'MOUNT_SPEED': 1110, 'IR_TRIGGER': 0.26084068039673947, 'FALL_THRESHOLD': 100, 'EDGE_THRESHOLD': 770, 'RECOVER_LIMIT': 8}
[I 2026-09-25 21:53:29,031] Trial 6 finished with value: -63.0 and parameters: {'MOUNT_SPEED': 1110, 'IR_TRIGGER': 0.26084068039673947, 'FALL_THRESHOLD': 100, 'EDGE_THRESHOLD': 770, 'RECOVER_LIMIT': 8}. Best is trial 1 with value: 0.0.
trial 7: value=-32.00 blocks=0 drops=32 params={'MOUNT_SPEED': 1310, 'IR_TRIGGER': 0.347998949962691, 'FALL_THRESHOLD': 110, 'EDGE_THRESHOLD': 600, 'RECOVER_LIMIT': 4}
[I 2026-09-25 21:53:31,986] Trial 7 finished with value: -32.0 and parameters: {'MOUNT_SPEED': 1310, 'IR_TRIGGER': 0.347998949962691, 'FALL_THRESHOLD': 110, 'EDGE_THRESHOLD': 600, 'RECOVER_LIMIT': 4}. Best is trial 1 with value: 0.0.
trial 8: value=-4.00 blocks=4 drops=8 params={'MOUNT_SPEED': 620, 'IR_TRIGGER': 0.47186499157232564, 'FALL_THRESHOLD': 90, 'EDGE_THRESHOLD': 750, 'RECOVER_LIMIT': 3}
[I 2026-09-25 21:53:34,940] Trial 8 finished with value: -4.0 and parameters: {'MOUNT_SPEED': 620, 'IR_TRIGGER': 0.47186499157232564, 'FALL_THRESHOLD': 90, 'EDGE_THRESHOLD': 750, 'RECOVER_LIMIT': 3}. Best is trial 1 with value: 0.0.
trial 9: value=-48.00 blocks=0 drops=8 params={'MOUNT_SPEED': 1160, 'IR_TRIGGER': 0.3526121994581171, 'FALL_THRESHOLD': 245, 'EDGE_THRESHOLD': 510, 'RECOVER_LIMIT': 2}
[I 2026-09-25 21:53:37,492] Trial 9 finished with value: -48.0 and parameters: {'MOUNT_SPEED': 1160, 'IR_TRIGGER': 0.3526121994581171, 'FALL_THRESHOLD': 245, 'EDGE_THRESHOLD': 510, 'RECOVER_LIMIT': 2}. Best is trial 1 with value: 0.0.
trial 10: value=-8.00 blocks=0 drops=8 params={'MOUNT_SPEED': 750, 'IR_TRIGGER': 0.5861797552643303, 'FALL_THRESHOLD': 355, 'EDGE_THRESHOLD': 600, 'RECOVER_LIMIT': 8}
[I 2026-09-25 21:53:40,049] Trial 10 finished with value: -8.0 and parameters: {'MOUNT_SPEED': 750, 'IR_TRIGGER': 0.5861797552643303, 'FALL_THRESHOLD': 355, 'EDGE_THRESHOLD': 600, 'RECOVER_LIMIT': 8}. Best is trial 1 with value: 0.0.
trial 11: value=0.00 blocks=0 drops=0 params={'MOUNT_SPEED': 750, 'IR_TRIGGER': 0.3016422630536888, 'FALL_THRESHOLD': 230, 'EDGE_THRESHOLD': 750, 'RECOVER_LIMIT': 3}
[I 2026-09-25 21:53:44,040] Trial 11 finished with value: 0.0 and parameters: {'MOUNT_SPEED': 750, 'IR_TRIGGER': 0.3016422630536888, 'FALL_THRESHOLD': 230, 'EDGE_THRESHOLD': 750, 'RECOVER_LIMIT': 3}. Best is trial 1 with value: 0.0.
trial 12: value=4.00 blocks=4 drops=0 params={'MOUNT_SPEED': 710, 'IR_TRIGGER': 0.19627517753870788, 'FALL_THRESHOLD': 270, 'EDGE_THRESHOLD': 700, 'RECOVER_LIMIT': 5}
[I 2026-09-25 21:53:46,835] Trial 12 finished with value: 4.0 and parameters: {'MOUNT_SPEED': 710, 'IR_TRIGGER': 0.19627517753870788, 'FALL_THRESHOLD': 270, 'EDGE_THRESHOLD': 700, 'RECOVER_LIMIT': 5}. Best is trial 12 with value: 4.0.
trial 13: value=0.00 blocks=0 drops=0 params={'MOUNT_SPEED': 750, 'IR_TRIGGER': 0.25196026826624396, 'FALL_THRESHOLD': 290, 'EDGE_THRESHOLD': 770, 'RECOVER_LIMIT': 7}
[I 2026-09-25 21:53:50,780] Trial 13 finished with value: 0.0 and parameters: {'MOUNT_SPEED': 750, 'IR_TRIGGER': 0.25196026826624396, 'FALL_THRESHOLD': 290, 'EDGE_THRESHOLD': 770, 'RECOVER_LIMIT': 7}. Best is trial 12 with value: 4.0.
trial 14: value=-52.00 blocks=0 drops=12 params={'MOUNT_SPEED': 560, 'IR_TRIGGER': 0.1921287104428251, 'FALL_THRESHOLD': 340, 'EDGE_THRESHOLD': 480, 'RECOVER_LIMIT': 4}
[I 2026-09-25 21:53:53,037] Trial 14 finished with value: -52.0 and parameters: {'MOUNT_SPEED': 560, 'IR_TRIGGER': 0.1921287104428251, 'FALL_THRESHOLD': 340, 'EDGE_THRESHOLD': 480, 'RECOVER_LIMIT': 4}. Best is trial 12 with value: 4.0.
trial 15: value=-52.00 blocks=0 drops=12 params={'MOUNT_SPEED': 760, 'IR_TRIGGER': 0.3406796355939469, 'FALL_THRESHOLD': 270, 'EDGE_THRESHOLD': 580, 'RECOVER_LIMIT': 6}
[I 2026-09-25 21:53:55,548] Trial 15 finished with value: -52.0 and parameters: {'MOUNT_SPEED': 760, 'IR_TRIGGER': 0.3406796355939469, 'FALL_THRESHOLD': 270, 'EDGE_THRESHOLD': 580, 'RECOVER_LIMIT': 6}. Best is trial 12 with value: 4.0.
trial 16: value=-42.00 blocks=2 drops=44 params={'MOUNT_SPEED': 890, 'IR_TRIGGER': 0.1615447551136282, 'FALL_THRESHOLD': 325, 'EDGE_THRESHOLD': 480, 'RECOVER_LIMIT': 6}
[I 2026-09-25 21:53:58,670] Trial 16 finished with value: -42.0 and parameters: {'MOUNT_SPEED': 890, 'IR_TRIGGER': 0.1615447551136282, 'FALL_THRESHOLD': 325, 'EDGE_THRESHOLD': 480, 'RECOVER_LIMIT': 6}. Best is trial 12 with value: 4.0.
trial 17: value=-46.00 blocks=0 drops=6 params={'MOUNT_SPEED': 570, 'IR_TRIGGER': 0.2659148059110086, 'FALL_THRESHOLD': 400, 'EDGE_THRESHOLD': 620, 'RECOVER_LIMIT': 4}
[I 2026-09-25 21:54:00,997] Trial 17 finished with value: -46.0 and parameters: {'MOUNT_SPEED': 570, 'IR_TRIGGER': 0.2659148059110086, 'FALL_THRESHOLD': 400, 'EDGE_THRESHOLD': 620, 'RECOVER_LIMIT': 4}. Best is trial 12 with value: 4.0.
trial 18: value=-19.00 blocks=2 drops=21 params={'MOUNT_SPEED': 730, 'IR_TRIGGER': 0.15767075336393388, 'FALL_THRESHOLD': 400, 'EDGE_THRESHOLD': 740, 'RECOVER_LIMIT': 7}
[I 2026-09-25 21:54:04,027] Trial 18 finished with value: -19.0 and parameters: {'MOUNT_SPEED': 730, 'IR_TRIGGER': 0.15767075336393388, 'FALL_THRESHOLD': 400, 'EDGE_THRESHOLD': 740, 'RECOVER_LIMIT': 7}. Best is trial 12 with value: 4.0.
trial 19: value=-40.00 blocks=2 drops=32 params={'MOUNT_SPEED': 820, 'IR_TRIGGER': 0.32722015034123964, 'FALL_THRESHOLD': 365, 'EDGE_THRESHOLD': 530, 'RECOVER_LIMIT': 5}
[I 2026-09-25 21:54:06,660] Trial 19 finished with value: -40.0 and parameters: {'MOUNT_SPEED': 820, 'IR_TRIGGER': 0.32722015034123964, 'FALL_THRESHOLD': 365, 'EDGE_THRESHOLD': 530, 'RECOVER_LIMIT': 5}. Best is trial 12 with value: 4.0.
trial 20: value=-41.00 blocks=1 drops=12 params={'MOUNT_SPEED': 800, 'IR_TRIGGER': 0.17584635255741282, 'FALL_THRESHOLD': 345, 'EDGE_THRESHOLD': 700, 'RECOVER_LIMIT': 3}
[I 2026-09-25 21:54:09,409] Trial 20 finished with value: -41.0 and parameters: {'MOUNT_SPEED': 800, 'IR_TRIGGER': 0.17584635255741282, 'FALL_THRESHOLD': 345, 'EDGE_THRESHOLD': 700, 'RECOVER_LIMIT': 3}. Best is trial 12 with value: 4.0.
trial 21: value=-44.00 blocks=0 drops=4 params={'MOUNT_SPEED': 630, 'IR_TRIGGER': 0.18525670630324104, 'FALL_THRESHOLD': 220, 'EDGE_THRESHOLD': 630, 'RECOVER_LIMIT': 6}
[I 2026-09-25 21:54:11,659] Trial 21 finished with value: -44.0 and parameters: {'MOUNT_SPEED': 630, 'IR_TRIGGER': 0.18525670630324104, 'FALL_THRESHOLD': 220, 'EDGE_THRESHOLD': 630, 'RECOVER_LIMIT': 6}. Best is trial 12 with value: 4.0.
trial 22: value=-12.00 blocks=0 drops=12 params={'MOUNT_SPEED': 530, 'IR_TRIGGER': 0.27935712725559025, 'FALL_THRESHOLD': 190, 'EDGE_THRESHOLD': 800, 'RECOVER_LIMIT': 2}
[I 2026-09-25 21:54:13,677] Trial 22 finished with value: -12.0 and parameters: {'MOUNT_SPEED': 530, 'IR_TRIGGER': 0.27935712725559025, 'FALL_THRESHOLD': 190, 'EDGE_THRESHOLD': 800, 'RECOVER_LIMIT': 2}. Best is trial 12 with value: 4.0.
trial 23: value=0.00 blocks=0 drops=0 params={'MOUNT_SPEED': 920, 'IR_TRIGGER': 0.1816345375289616, 'FALL_THRESHOLD': 235, 'EDGE_THRESHOLD': 730, 'RECOVER_LIMIT': 6}
[I 2026-09-25 21:54:17,548] Trial 23 finished with value: 0.0 and parameters: {'MOUNT_SPEED': 920, 'IR_TRIGGER': 0.1816345375289616, 'FALL_THRESHOLD': 235, 'EDGE_THRESHOLD': 730, 'RECOVER_LIMIT': 6}. Best is trial 12 with value: 4.0.
trial 24: value=0.00 blocks=0 drops=0 params={'MOUNT_SPEED': 590, 'IR_TRIGGER': 0.36955930003583937, 'FALL_THRESHOLD': 255, 'EDGE_THRESHOLD': 690, 'RECOVER_LIMIT': 3}
[I 2026-09-25 21:54:19,237] Trial 24 finished with value: 0.0 and parameters: {'MOUNT_SPEED': 590, 'IR_TRIGGER': 0.36955930003583937, 'FALL_THRESHOLD': 255, 'EDGE_THRESHOLD': 690, 'RECOVER_LIMIT': 3}. Best is trial 12 with value: 4.0.
trial 25: value=0.00 blocks=0 drops=0 params={'MOUNT_SPEED': 750, 'IR_TRIGGER': 0.3961793228508447, 'FALL_THRESHOLD': 220, 'EDGE_THRESHOLD': 690, 'RECOVER_LIMIT': 4}
[I 2026-09-25 21:54:23,056] Trial 25 finished with value: 0.0 and parameters: {'MOUNT_SPEED': 750, 'IR_TRIGGER': 0.3961793228508447, 'FALL_THRESHOLD': 220, 'EDGE_THRESHOLD': 690, 'RECOVER_LIMIT': 4}. Best is trial 12 with value: 4.0.
trial 26: value=-52.00 blocks=0 drops=12 params={'MOUNT_SPEED': 520, 'IR_TRIGGER': 0.18061590008063932, 'FALL_THRESHOLD': 315, 'EDGE_THRESHOLD': 700, 'RECOVER_LIMIT': 5}
[I 2026-09-25 21:54:25,422] Trial 26 finished with value: -52.0 and parameters: {'MOUNT_SPEED': 520, 'IR_TRIGGER': 0.18061590008063932, 'FALL_THRESHOLD': 315, 'EDGE_THRESHOLD': 700, 'RECOVER_LIMIT': 5}. Best is trial 12 with value: 4.0.
trial 27: value=-28.00 blocks=1 drops=29 params={'MOUNT_SPEED': 540, 'IR_TRIGGER': 0.30242638795997734, 'FALL_THRESHOLD': 335, 'EDGE_THRESHOLD': 720, 'RECOVER_LIMIT': 7}
[I 2026-09-25 21:54:28,406] Trial 27 finished with value: -28.0 and parameters: {'MOUNT_SPEED': 540, 'IR_TRIGGER': 0.30242638795997734, 'FALL_THRESHOLD': 335, 'EDGE_THRESHOLD': 720, 'RECOVER_LIMIT': 7}. Best is trial 12 with value: 4.0.
trial 28: value=0.00 blocks=0 drops=0 params={'MOUNT_SPEED': 720, 'IR_TRIGGER': 0.22462893790437086, 'FALL_THRESHOLD': 300, 'EDGE_THRESHOLD': 530, 'RECOVER_LIMIT': 5}
[I 2026-09-25 21:54:31,589] Trial 28 finished with value: 0.0 and parameters: {'MOUNT_SPEED': 720, 'IR_TRIGGER': 0.22462893790437086, 'FALL_THRESHOLD': 300, 'EDGE_THRESHOLD': 530, 'RECOVER_LIMIT': 5}. Best is trial 12 with value: 4.0.
trial 29: value=-6.00 blocks=0 drops=6 params={'MOUNT_SPEED': 680, 'IR_TRIGGER': 0.19858021495102357, 'FALL_THRESHOLD': 290, 'EDGE_THRESHOLD': 630, 'RECOVER_LIMIT': 4}
[I 2026-09-25 21:54:34,572] Trial 29 finished with value: -6.0 and parameters: {'MOUNT_SPEED': 680, 'IR_TRIGGER': 0.19858021495102357, 'FALL_THRESHOLD': 290, 'EDGE_THRESHOLD': 630, 'RECOVER_LIMIT': 4}. Best is trial 12 with value: 4.0.
trial 30: value=-52.00 blocks=0 drops=12 params={'MOUNT_SPEED': 950, 'IR_TRIGGER': 0.3099361461798994, 'FALL_THRESHOLD': 285, 'EDGE_THRESHOLD': 750, 'RECOVER_LIMIT': 4}
[I 2026-09-25 21:54:36,531] Trial 30 finished with value: -52.0 and parameters: {'MOUNT_SPEED': 950, 'IR_TRIGGER': 0.3099361461798994, 'FALL_THRESHOLD': 285, 'EDGE_THRESHOLD': 750, 'RECOVER_LIMIT': 4}. Best is trial 12 with value: 4.0.
trial 31: value=-8.00 blocks=0 drops=8 params={'MOUNT_SPEED': 750, 'IR_TRIGGER': 0.26059048807389823, 'FALL_THRESHOLD': 355, 'EDGE_THRESHOLD': 710, 'RECOVER_LIMIT': 7}
[I 2026-09-25 21:54:39,077] Trial 31 finished with value: -8.0 and parameters: {'MOUNT_SPEED': 750, 'IR_TRIGGER': 0.26059048807389823, 'FALL_THRESHOLD': 355, 'EDGE_THRESHOLD': 710, 'RECOVER_LIMIT': 7}. Best is trial 12 with value: 4.0.
trial 32: value=-12.00 blocks=0 drops=12 params={'MOUNT_SPEED': 910, 'IR_TRIGGER': 0.1851471206411101, 'FALL_THRESHOLD': 260, 'EDGE_THRESHOLD': 780, 'RECOVER_LIMIT': 8}
[I 2026-09-25 21:54:42,158] Trial 32 finished with value: -12.0 and parameters: {'MOUNT_SPEED': 910, 'IR_TRIGGER': 0.1851471206411101, 'FALL_THRESHOLD': 260, 'EDGE_THRESHOLD': 780, 'RECOVER_LIMIT': 8}. Best is trial 12 with value: 4.0.
trial 33: value=-39.00 blocks=1 drops=40 params={'MOUNT_SPEED': 660, 'IR_TRIGGER': 0.16122826339888108, 'FALL_THRESHOLD': 340, 'EDGE_THRESHOLD': 790, 'RECOVER_LIMIT': 8}
[I 2026-09-25 21:54:45,065] Trial 33 finished with value: -39.0 and parameters: {'MOUNT_SPEED': 660, 'IR_TRIGGER': 0.16122826339888108, 'FALL_THRESHOLD': 340, 'EDGE_THRESHOLD': 790, 'RECOVER_LIMIT': 8}. Best is trial 12 with value: 4.0.
trial 34: value=-14.00 blocks=4 drops=18 params={'MOUNT_SPEED': 770, 'IR_TRIGGER': 0.2619779625780131, 'FALL_THRESHOLD': 305, 'EDGE_THRESHOLD': 730, 'RECOVER_LIMIT': 7}
[I 2026-09-25 21:54:47,775] Trial 34 finished with value: -14.0 and parameters: {'MOUNT_SPEED': 770, 'IR_TRIGGER': 0.2619779625780131, 'FALL_THRESHOLD': 305, 'EDGE_THRESHOLD': 730, 'RECOVER_LIMIT': 7}. Best is trial 12 with value: 4.0.
trial 35: value=-52.00 blocks=0 drops=12 params={'MOUNT_SPEED': 810, 'IR_TRIGGER': 0.22521995637222447, 'FALL_THRESHOLD': 280, 'EDGE_THRESHOLD': 760, 'RECOVER_LIMIT': 3}
[I 2026-09-25 21:54:49,795] Trial 35 finished with value: -52.0 and parameters: {'MOUNT_SPEED': 810, 'IR_TRIGGER': 0.22521995637222447, 'FALL_THRESHOLD': 280, 'EDGE_THRESHOLD': 760, 'RECOVER_LIMIT': 3}. Best is trial 12 with value: 4.0.
trial 36: value=-52.00 blocks=0 drops=12 params={'MOUNT_SPEED': 810, 'IR_TRIGGER': 0.20647638766407178, 'FALL_THRESHOLD': 245, 'EDGE_THRESHOLD': 800, 'RECOVER_LIMIT': 6}
[I 2026-09-25 21:54:52,627] Trial 36 finished with value: -52.0 and parameters: {'MOUNT_SPEED': 810, 'IR_TRIGGER': 0.20647638766407178, 'FALL_THRESHOLD': 245, 'EDGE_THRESHOLD': 800, 'RECOVER_LIMIT': 6}. Best is trial 12 with value: 4.0.
trial 37: value=-46.00 blocks=4 drops=50 params={'MOUNT_SPEED': 670, 'IR_TRIGGER': 0.20110172465563045, 'FALL_THRESHOLD': 215, 'EDGE_THRESHOLD': 800, 'RECOVER_LIMIT': 5}
[I 2026-09-25 21:54:55,497] Trial 37 finished with value: -46.0 and parameters: {'MOUNT_SPEED': 670, 'IR_TRIGGER': 0.20110172465563045, 'FALL_THRESHOLD': 215, 'EDGE_THRESHOLD': 800, 'RECOVER_LIMIT': 5}. Best is trial 12 with value: 4.0.
trial 38: value=-8.00 blocks=4 drops=12 params={'MOUNT_SPEED': 620, 'IR_TRIGGER': 0.20192178674121403, 'FALL_THRESHOLD': 360, 'EDGE_THRESHOLD': 660, 'RECOVER_LIMIT': 7}
[I 2026-09-25 21:54:58,112] Trial 38 finished with value: -8.0 and parameters: {'MOUNT_SPEED': 620, 'IR_TRIGGER': 0.20192178674121403, 'FALL_THRESHOLD': 360, 'EDGE_THRESHOLD': 660, 'RECOVER_LIMIT': 7}. Best is trial 12 with value: 4.0.
trial 39: value=-8.00 blocks=0 drops=8 params={'MOUNT_SPEED': 900, 'IR_TRIGGER': 0.2624950230701988, 'FALL_THRESHOLD': 270, 'EDGE_THRESHOLD': 720, 'RECOVER_LIMIT': 8}
[I 2026-09-25 21:55:00,548] Trial 39 finished with value: -8.0 and parameters: {'MOUNT_SPEED': 900, 'IR_TRIGGER': 0.2624950230701988, 'FALL_THRESHOLD': 270, 'EDGE_THRESHOLD': 720, 'RECOVER_LIMIT': 8}. Best is trial 12 with value: 4.0.
trial 40: value=0.00 blocks=0 drops=0 params={'MOUNT_SPEED': 720, 'IR_TRIGGER': 0.1800971471315458, 'FALL_THRESHOLD': 335, 'EDGE_THRESHOLD': 650, 'RECOVER_LIMIT': 5}
[I 2026-09-25 21:55:03,650] Trial 40 finished with value: 0.0 and parameters: {'MOUNT_SPEED': 720, 'IR_TRIGGER': 0.1800971471315458, 'FALL_THRESHOLD': 335, 'EDGE_THRESHOLD': 650, 'RECOVER_LIMIT': 5}. Best is trial 12 with value: 4.0.
trial 41: value=-27.00 blocks=4 drops=31 params={'MOUNT_SPEED': 690, 'IR_TRIGGER': 0.15710014007119277, 'FALL_THRESHOLD': 365, 'EDGE_THRESHOLD': 520, 'RECOVER_LIMIT': 6}
[I 2026-09-25 21:55:06,425] Trial 41 finished with value: -27.0 and parameters: {'MOUNT_SPEED': 690, 'IR_TRIGGER': 0.15710014007119277, 'FALL_THRESHOLD': 365, 'EDGE_THRESHOLD': 520, 'RECOVER_LIMIT': 6}. Best is trial 12 with value: 4.0.
trial 42: value=-52.00 blocks=0 drops=12 params={'MOUNT_SPEED': 760, 'IR_TRIGGER': 0.27846635488825766, 'FALL_THRESHOLD': 170, 'EDGE_THRESHOLD': 780, 'RECOVER_LIMIT': 3}
[I 2026-09-25 21:55:08,937] Trial 42 finished with value: -52.0 and parameters: {'MOUNT_SPEED': 760, 'IR_TRIGGER': 0.27846635488825766, 'FALL_THRESHOLD': 170, 'EDGE_THRESHOLD': 780, 'RECOVER_LIMIT': 3}. Best is trial 12 with value: 4.0.
trial 43: value=-8.00 blocks=0 drops=8 params={'MOUNT_SPEED': 850, 'IR_TRIGGER': 0.2264852239976486, 'FALL_THRESHOLD': 240, 'EDGE_THRESHOLD': 630, 'RECOVER_LIMIT': 7}
[I 2026-09-25 21:55:11,477] Trial 43 finished with value: -8.0 and parameters: {'MOUNT_SPEED': 850, 'IR_TRIGGER': 0.2264852239976486, 'FALL_THRESHOLD': 240, 'EDGE_THRESHOLD': 630, 'RECOVER_LIMIT': 7}. Best is trial 12 with value: 4.0.
trial 44: value=-44.00 blocks=0 drops=4 params={'MOUNT_SPEED': 630, 'IR_TRIGGER': 0.2783361720277259, 'FALL_THRESHOLD': 295, 'EDGE_THRESHOLD': 790, 'RECOVER_LIMIT': 7}
[I 2026-09-25 21:55:14,065] Trial 44 finished with value: -44.0 and parameters: {'MOUNT_SPEED': 630, 'IR_TRIGGER': 0.2783361720277259, 'FALL_THRESHOLD': 295, 'EDGE_THRESHOLD': 790, 'RECOVER_LIMIT': 7}. Best is trial 12 with value: 4.0.
trial 45: value=0.00 blocks=4 drops=4 params={'MOUNT_SPEED': 970, 'IR_TRIGGER': 0.2434414275239078, 'FALL_THRESHOLD': 245, 'EDGE_THRESHOLD': 750, 'RECOVER_LIMIT': 6}
[I 2026-09-25 21:55:16,629] Trial 45 finished with value: 0.0 and parameters: {'MOUNT_SPEED': 970, 'IR_TRIGGER': 0.2434414275239078, 'FALL_THRESHOLD': 245, 'EDGE_THRESHOLD': 750, 'RECOVER_LIMIT': 6}. Best is trial 12 with value: 4.0.
trial 46: value=0.00 blocks=0 drops=0 params={'MOUNT_SPEED': 650, 'IR_TRIGGER': 0.1584118284404758, 'FALL_THRESHOLD': 220, 'EDGE_THRESHOLD': 720, 'RECOVER_LIMIT': 6}
[I 2026-09-25 21:55:18,397] Trial 46 finished with value: 0.0 and parameters: {'MOUNT_SPEED': 650, 'IR_TRIGGER': 0.1584118284404758, 'FALL_THRESHOLD': 220, 'EDGE_THRESHOLD': 720, 'RECOVER_LIMIT': 6}. Best is trial 12 with value: 4.0.
trial 47: value=0.00 blocks=0 drops=0 params={'MOUNT_SPEED': 650, 'IR_TRIGGER': 0.23053767231605587, 'FALL_THRESHOLD': 300, 'EDGE_THRESHOLD': 650, 'RECOVER_LIMIT': 7}
[I 2026-09-25 21:55:20,183] Trial 47 finished with value: 0.0 and parameters: {'MOUNT_SPEED': 650, 'IR_TRIGGER': 0.23053767231605587, 'FALL_THRESHOLD': 300, 'EDGE_THRESHOLD': 650, 'RECOVER_LIMIT': 7}. Best is trial 12 with value: 4.0.
trial 48: value=0.00 blocks=0 drops=0 params={'MOUNT_SPEED': 750, 'IR_TRIGGER': 0.2357371802651942, 'FALL_THRESHOLD': 215, 'EDGE_THRESHOLD': 780, 'RECOVER_LIMIT': 7}
[I 2026-09-25 21:55:24,007] Trial 48 finished with value: 0.0 and parameters: {'MOUNT_SPEED': 750, 'IR_TRIGGER': 0.2357371802651942, 'FALL_THRESHOLD': 215, 'EDGE_THRESHOLD': 780, 'RECOVER_LIMIT': 7}. Best is trial 12 with value: 4.0.
trial 49: value=-5.00 blocks=1 drops=6 params={'MOUNT_SPEED': 840, 'IR_TRIGGER': 0.21296983990557955, 'FALL_THRESHOLD': 320, 'EDGE_THRESHOLD': 690, 'RECOVER_LIMIT': 5}
[I 2026-09-25 21:55:26,397] Trial 49 finished with value: -5.0 and parameters: {'MOUNT_SPEED': 840, 'IR_TRIGGER': 0.21296983990557955, 'FALL_THRESHOLD': 320, 'EDGE_THRESHOLD': 690, 'RECOVER_LIMIT': 5}. Best is trial 12 with value: 4.0.
trial 50: value=-8.00 blocks=0 drops=8 params={'MOUNT_SPEED': 960, 'IR_TRIGGER': 0.18546181368616077, 'FALL_THRESHOLD': 230, 'EDGE_THRESHOLD': 800, 'RECOVER_LIMIT': 5}
[I 2026-09-25 21:55:28,986] Trial 50 finished with value: -8.0 and parameters: {'MOUNT_SPEED': 960, 'IR_TRIGGER': 0.18546181368616077, 'FALL_THRESHOLD': 230, 'EDGE_THRESHOLD': 800, 'RECOVER_LIMIT': 5}. Best is trial 12 with value: 4.0.
trial 51: value=-8.00 blocks=0 drops=8 params={'MOUNT_SPEED': 730, 'IR_TRIGGER': 0.30543547509030944, 'FALL_THRESHOLD': 265, 'EDGE_THRESHOLD': 750, 'RECOVER_LIMIT': 4}
[I 2026-09-25 21:55:31,924] Trial 51 finished with value: -8.0 and parameters: {'MOUNT_SPEED': 730, 'IR_TRIGGER': 0.30543547509030944, 'FALL_THRESHOLD': 265, 'EDGE_THRESHOLD': 750, 'RECOVER_LIMIT': 4}. Best is trial 12 with value: 4.0.
trial 52: value=-14.00 blocks=4 drops=18 params={'MOUNT_SPEED': 770, 'IR_TRIGGER': 0.15155141515141757, 'FALL_THRESHOLD': 230, 'EDGE_THRESHOLD': 700, 'RECOVER_LIMIT': 5}
[I 2026-09-25 21:55:34,535] Trial 52 finished with value: -14.0 and parameters: {'MOUNT_SPEED': 770, 'IR_TRIGGER': 0.15155141515141757, 'FALL_THRESHOLD': 230, 'EDGE_THRESHOLD': 700, 'RECOVER_LIMIT': 5}. Best is trial 12 with value: 4.0.
trial 53: value=0.00 blocks=0 drops=0 params={'MOUNT_SPEED': 720, 'IR_TRIGGER': 0.20831580241117714, 'FALL_THRESHOLD': 255, 'EDGE_THRESHOLD': 650, 'RECOVER_LIMIT': 5}
