[I 2026-09-25 21:55:37,415] Trial 53 finished with value: 0.0 and parameters: {'MOUNT_SPEED': 720, 'IR_TRIGGER': 0.20831580241117714, 'FALL_THRESHOLD': 255, 'EDGE_THRESHOLD': 650, 'RECOVER_LIMIT': 5}. Best is trial 12 with value: 4.0.
trial 54: value=-52.00 blocks=0 drops=12 params={'MOUNT_SPEED': 940, 'IR_TRIGGER': 0.2133004065195967, 'FALL_THRESHOLD': 215, 'EDGE_THRESHOLD': 780, 'RECOVER_LIMIT': 7}
[I 2026-09-25 21:55:40,239] Trial 54 finished with value: -52.0 and parameters: {'MOUNT_SPEED': 940, 'IR_TRIGGER': 0.2133004065195967, 'FALL_THRESHOLD': 215, 'EDGE_THRESHOLD': 780, 'RECOVER_LIMIT': 7}. Best is trial 12 with value: 4.0.
trial 55: value=-20.00 blocks=4 drops=24 params={'MOUNT_SPEED': 840, 'IR_TRIGGER': 0.3171498297628665, 'FALL_THRESHOLD': 235, 'EDGE_THRESHOLD': 770, 'RECOVER_LIMIT': 3}
[I 2026-09-25 21:55:42,954] Trial 55 finished with value: -20.0 and parameters: {'MOUNT_SPEED': 840, 'IR_TRIGGER': 0.3171498297628665, 'FALL_THRESHOLD': 235, 'EDGE_THRESHOLD': 770, 'RECOVER_LIMIT': 3}. Best is trial 12 with value: 4.0.
trial 56: value=-42.00 blocks=2 drops=44 params={'MOUNT_SPEED': 890, 'IR_TRIGGER': 0.18989805345044697, 'FALL_THRESHOLD': 280, 'EDGE_THRESHOLD': 780, 'RECOVER_LIMIT': 5}
[I 2026-09-25 21:55:45,934] Trial 56 finished with value: -42.0 and parameters: {'MOUNT_SPEED': 890, 'IR_TRIGGER': 0.18989805345044697, 'FALL_THRESHOLD': 280, 'EDGE_THRESHOLD': 780, 'RECOVER_LIMIT': 5}. Best is trial 12 with value: 4.0.
trial 57: value=-4.00 blocks=4 drops=8 params={'MOUNT_SPEED': 620, 'IR_TRIGGER': 0.31895545216907195, 'FALL_THRESHOLD': 290, 'EDGE_THRESHOLD': 680, 'RECOVER_LIMIT': 4}
[I 2026-09-25 21:55:48,696] Trial 57 finished with value: -4.0 and parameters: {'MOUNT_SPEED': 620, 'IR_TRIGGER': 0.31895545216907195, 'FALL_THRESHOLD': 290, 'EDGE_THRESHOLD': 680, 'RECOVER_LIMIT': 4}. Best is trial 12 with value: 4.0.
trial 58: value=0.00 blocks=0 drops=0 params={'MOUNT_SPEED': 650, 'IR_TRIGGER': 0.2647301269885036, 'FALL_THRESHOLD': 220, 'EDGE_THRESHOLD': 770, 'RECOVER_LIMIT': 3}
[I 2026-09-25 21:55:50,500] Trial 58 finished with value: 0.0 and parameters: {'MOUNT_SPEED': 650, 'IR_TRIGGER': 0.2647301269885036, 'FALL_THRESHOLD': 220, 'EDGE_THRESHOLD': 770, 'RECOVER_LIMIT': 3}. Best is trial 12 with value: 4.0.
trial 59: value=-4.00 blocks=4 drops=8 params={'MOUNT_SPEED': 620, 'IR_TRIGGER': 0.2686144302930742, 'FALL_THRESHOLD': 230, 'EDGE_THRESHOLD': 680, 'RECOVER_LIMIT': 6}
[I 2026-09-25 21:55:53,262] Trial 59 finished with value: -4.0 and parameters: {'MOUNT_SPEED': 620, 'IR_TRIGGER': 0.2686144302930742, 'FALL_THRESHOLD': 230, 'EDGE_THRESHOLD': 680, 'RECOVER_LIMIT': 6}. Best is trial 12 with value: 4.0.
trial 60: value=-48.00 blocks=0 drops=8 params={'MOUNT_SPEED': 870, 'IR_TRIGGER': 0.24317339119625456, 'FALL_THRESHOLD': 275, 'EDGE_THRESHOLD': 680, 'RECOVER_LIMIT': 6}
[I 2026-09-25 21:55:55,919] Trial 60 finished with value: -48.0 and parameters: {'MOUNT_SPEED': 870, 'IR_TRIGGER': 0.24317339119625456, 'FALL_THRESHOLD': 275, 'EDGE_THRESHOLD': 680, 'RECOVER_LIMIT': 6}. Best is trial 12 with value: 4.0.
trial 61: value=-48.00 blocks=0 drops=8 params={'MOUNT_SPEED': 640, 'IR_TRIGGER': 0.3073188016971892, 'FALL_THRESHOLD': 220, 'EDGE_THRESHOLD': 700, 'RECOVER_LIMIT': 3}
[I 2026-09-25 21:55:57,636] Trial 61 finished with value: -48.0 and parameters: {'MOUNT_SPEED': 640, 'IR_TRIGGER': 0.3073188016971892, 'FALL_THRESHOLD': 220, 'EDGE_THRESHOLD': 700, 'RECOVER_LIMIT': 3}. Best is trial 12 with value: 4.0.
trial 62: value=-20.00 blocks=0 drops=20 params={'MOUNT_SPEED': 790, 'IR_TRIGGER': 0.1688619946488774, 'FALL_THRESHOLD': 270, 'EDGE_THRESHOLD': 690, 'RECOVER_LIMIT': 7}
[I 2026-09-25 21:56:00,338] Trial 62 finished with value: -20.0 and parameters: {'MOUNT_SPEED': 790, 'IR_TRIGGER': 0.1688619946488774, 'FALL_THRESHOLD': 270, 'EDGE_THRESHOLD': 690, 'RECOVER_LIMIT': 7}. Best is trial 12 with value: 4.0.
trial 63: value=-52.00 blocks=4 drops=26 params={'MOUNT_SPEED': 820, 'IR_TRIGGER': 0.350979993721162, 'FALL_THRESHOLD': 210, 'EDGE_THRESHOLD': 740, 'RECOVER_LIMIT': 3}
[I 2026-09-25 21:56:03,246] Trial 63 finished with value: -52.0 and parameters: {'MOUNT_SPEED': 820, 'IR_TRIGGER': 0.350979993721162, 'FALL_THRESHOLD': 210, 'EDGE_THRESHOLD': 740, 'RECOVER_LIMIT': 3}. Best is trial 12 with value: 4.0.
trial 64: value=-48.00 blocks=0 drops=8 params={'MOUNT_SPEED': 830, 'IR_TRIGGER': 0.15514214044006183, 'FALL_THRESHOLD': 270, 'EDGE_THRESHOLD': 730, 'RECOVER_LIMIT': 5}
[I 2026-09-25 21:56:05,601] Trial 64 finished with value: -48.0 and parameters: {'MOUNT_SPEED': 830, 'IR_TRIGGER': 0.15514214044006183, 'FALL_THRESHOLD': 270, 'EDGE_THRESHOLD': 730, 'RECOVER_LIMIT': 5}. Best is trial 12 with value: 4.0.
trial 65: value=0.00 blocks=0 drops=0 params={'MOUNT_SPEED': 720, 'IR_TRIGGER': 0.15521742203758826, 'FALL_THRESHOLD': 265, 'EDGE_THRESHOLD': 680, 'RECOVER_LIMIT': 5}
[I 2026-09-25 21:56:08,517] Trial 65 finished with value: 0.0 and parameters: {'MOUNT_SPEED': 720, 'IR_TRIGGER': 0.15521742203758826, 'FALL_THRESHOLD': 265, 'EDGE_THRESHOLD': 680, 'RECOVER_LIMIT': 5}. Best is trial 12 with value: 4.0.
trial 66: value=-8.00 blocks=0 drops=8 params={'MOUNT_SPEED': 730, 'IR_TRIGGER': 0.26569371164866007, 'FALL_THRESHOLD': 270, 'EDGE_THRESHOLD': 790, 'RECOVER_LIMIT': 6}
[I 2026-09-25 21:56:11,451] Trial 66 finished with value: -8.0 and parameters: {'MOUNT_SPEED': 730, 'IR_TRIGGER': 0.26569371164866007, 'FALL_THRESHOLD': 270, 'EDGE_THRESHOLD': 790, 'RECOVER_LIMIT': 6}. Best is trial 12 with value: 4.0.
trial 67: value=-26.00 blocks=2 drops=28 params={'MOUNT_SPEED': 700, 'IR_TRIGGER': 0.3643274241465562, 'FALL_THRESHOLD': 250, 'EDGE_THRESHOLD': 690, 'RECOVER_LIMIT': 4}
[I 2026-09-25 21:56:13,839] Trial 67 finished with value: -26.0 and parameters: {'MOUNT_SPEED': 700, 'IR_TRIGGER': 0.3643274241465562, 'FALL_THRESHOLD': 250, 'EDGE_THRESHOLD': 690, 'RECOVER_LIMIT': 4}. Best is trial 12 with value: 4.0.
trial 68: value=-41.00 blocks=4 drops=45 params={'MOUNT_SPEED': 690, 'IR_TRIGGER': 0.20198393983459206, 'FALL_THRESHOLD': 295, 'EDGE_THRESHOLD': 750, 'RECOVER_LIMIT': 7}
[I 2026-09-25 21:56:16,524] Trial 68 finished with value: -41.0 and parameters: {'MOUNT_SPEED': 690, 'IR_TRIGGER': 0.20198393983459206, 'FALL_THRESHOLD': 295, 'EDGE_THRESHOLD': 750, 'RECOVER_LIMIT': 7}. Best is trial 12 with value: 4.0.
trial 69: value=-51.00 blocks=4 drops=45 params={'MOUNT_SPEED': 690, 'IR_TRIGGER': 0.26485334862440046, 'FALL_THRESHOLD': 280, 'EDGE_THRESHOLD': 740, 'RECOVER_LIMIT': 5}
[I 2026-09-25 21:56:19,308] Trial 69 finished with value: -51.0 and parameters: {'MOUNT_SPEED': 690, 'IR_TRIGGER': 0.26485334862440046, 'FALL_THRESHOLD': 280, 'EDGE_THRESHOLD': 740, 'RECOVER_LIMIT': 5}. Best is trial 12 with value: 4.0.
trial 70: value=-37.00 blocks=1 drops=38 params={'MOUNT_SPEED': 660, 'IR_TRIGGER': 0.20917510954688665, 'FALL_THRESHOLD': 235, 'EDGE_THRESHOLD': 680, 'RECOVER_LIMIT': 6}
[I 2026-09-25 21:56:22,109] Trial 70 finished with value: -37.0 and parameters: {'MOUNT_SPEED': 660, 'IR_TRIGGER': 0.20917510954688665, 'FALL_THRESHOLD': 235, 'EDGE_THRESHOLD': 680, 'RECOVER_LIMIT': 6}. Best is trial 12 with value: 4.0.
trial 71: value=-4.00 blocks=4 drops=8 params={'MOUNT_SPEED': 620, 'IR_TRIGGER': 0.2171576583422082, 'FALL_THRESHOLD': 285, 'EDGE_THRESHOLD': 670, 'RECOVER_LIMIT': 6}
[I 2026-09-25 21:56:24,864] Trial 71 finished with value: -4.0 and parameters: {'MOUNT_SPEED': 620, 'IR_TRIGGER': 0.2171576583422082, 'FALL_THRESHOLD': 285, 'EDGE_THRESHOLD': 670, 'RECOVER_LIMIT': 6}. Best is trial 12 with value: 4.0.
trial 72: value=-8.00 blocks=0 drops=8 params={'MOUNT_SPEED': 730, 'IR_TRIGGER': 0.3694802547183574, 'FALL_THRESHOLD': 230, 'EDGE_THRESHOLD': 750, 'RECOVER_LIMIT': 4}
[I 2026-09-25 21:56:27,760] Trial 72 finished with value: -8.0 and parameters: {'MOUNT_SPEED': 730, 'IR_TRIGGER': 0.3694802547183574, 'FALL_THRESHOLD': 230, 'EDGE_THRESHOLD': 750, 'RECOVER_LIMIT': 4}. Best is trial 12 with value: 4.0.
trial 73: value=-41.00 blocks=4 drops=45 params={'MOUNT_SPEED': 690, 'IR_TRIGGER': 0.23427361092444737, 'FALL_THRESHOLD': 305, 'EDGE_THRESHOLD': 800, 'RECOVER_LIMIT': 8}
[I 2026-09-25 21:56:30,488] Trial 73 finished with value: -41.0 and parameters: {'MOUNT_SPEED': 690, 'IR_TRIGGER': 0.23427361092444737, 'FALL_THRESHOLD': 305, 'EDGE_THRESHOLD': 800, 'RECOVER_LIMIT': 8}. Best is trial 12 with value: 4.0.
trial 74: value=-48.00 blocks=0 drops=8 params={'MOUNT_SPEED': 870, 'IR_TRIGGER': 0.18084268719777094, 'FALL_THRESHOLD': 245, 'EDGE_THRESHOLD': 750, 'RECOVER_LIMIT': 7}
[I 2026-09-25 21:56:33,343] Trial 74 finished with value: -48.0 and parameters: {'MOUNT_SPEED': 870, 'IR_TRIGGER': 0.18084268719777094, 'FALL_THRESHOLD': 245, 'EDGE_THRESHOLD': 750, 'RECOVER_LIMIT': 7}. Best is trial 12 with value: 4.0.
trial 75: value=-52.00 blocks=0 drops=12 params={'MOUNT_SPEED': 760, 'IR_TRIGGER': 0.24890780154165865, 'FALL_THRESHOLD': 290, 'EDGE_THRESHOLD': 690, 'RECOVER_LIMIT': 6}
[I 2026-09-25 21:56:35,665] Trial 75 finished with value: -52.0 and parameters: {'MOUNT_SPEED': 760, 'IR_TRIGGER': 0.24890780154165865, 'FALL_THRESHOLD': 290, 'EDGE_THRESHOLD': 690, 'RECOVER_LIMIT': 6}. Best is trial 12 with value: 4.0.
trial 76: value=0.00 blocks=0 drops=0 params={'MOUNT_SPEED': 720, 'IR_TRIGGER': 0.19877671254207102, 'FALL_THRESHOLD': 320, 'EDGE_THRESHOLD': 740, 'RECOVER_LIMIT': 6}
[I 2026-09-25 21:56:38,556] Trial 76 finished with value: 0.0 and parameters: {'MOUNT_SPEED': 720, 'IR_TRIGGER': 0.19877671254207102, 'FALL_THRESHOLD': 320, 'EDGE_THRESHOLD': 740, 'RECOVER_LIMIT': 6}. Best is trial 12 with value: 4.0.
trial 77: value=-26.00 blocks=2 drops=28 params={'MOUNT_SPEED': 700, 'IR_TRIGGER': 0.3451921655806642, 'FALL_THRESHOLD': 260, 'EDGE_THRESHOLD': 740, 'RECOVER_LIMIT': 3}
[I 2026-09-25 21:56:40,980] Trial 77 finished with value: -26.0 and parameters: {'MOUNT_SPEED': 700, 'IR_TRIGGER': 0.3451921655806642, 'FALL_THRESHOLD': 260, 'EDGE_THRESHOLD': 740, 'RECOVER_LIMIT': 3}. Best is trial 12 with value: 4.0.
trial 78: value=-35.00 blocks=1 drops=36 params={'MOUNT_SPEED': 660, 'IR_TRIGGER': 0.30610846586155777, 'FALL_THRESHOLD': 245, 'EDGE_THRESHOLD': 720, 'RECOVER_LIMIT': 2}
[I 2026-09-25 21:56:43,683] Trial 78 finished with value: -35.0 and parameters: {'MOUNT_SPEED': 660, 'IR_TRIGGER': 0.30610846586155777, 'FALL_THRESHOLD': 245, 'EDGE_THRESHOLD': 720, 'RECOVER_LIMIT': 2}. Best is trial 12 with value: 4.0.
trial 79: value=-8.00 blocks=0 drops=8 params={'MOUNT_SPEED': 730, 'IR_TRIGGER': 0.18588003558296712, 'FALL_THRESHOLD': 305, 'EDGE_THRESHOLD': 790, 'RECOVER_LIMIT': 6}
[I 2026-09-25 21:56:46,591] Trial 79 finished with value: -8.0 and parameters: {'MOUNT_SPEED': 730, 'IR_TRIGGER': 0.18588003558296712, 'FALL_THRESHOLD': 305, 'EDGE_THRESHOLD': 790, 'RECOVER_LIMIT': 6}. Best is trial 12 with value: 4.0.
trial 80: value=4.00 blocks=4 drops=0 params={'MOUNT_SPEED': 710, 'IR_TRIGGER': 0.2317854961744874, 'FALL_THRESHOLD': 280, 'EDGE_THRESHOLD': 690, 'RECOVER_LIMIT': 5}
[I 2026-09-25 21:56:49,242] Trial 80 finished with value: 4.0 and parameters: {'MOUNT_SPEED': 710, 'IR_TRIGGER': 0.2317854961744874, 'FALL_THRESHOLD': 280, 'EDGE_THRESHOLD': 690, 'RECOVER_LIMIT': 5}. Best is trial 12 with value: 4.0.
trial 81: value=4.00 blocks=4 drops=0 params={'MOUNT_SPEED': 710, 'IR_TRIGGER': 0.20418964670736758, 'FALL_THRESHOLD': 275, 'EDGE_THRESHOLD': 700, 'RECOVER_LIMIT': 4}
[I 2026-09-25 21:56:51,915] Trial 81 finished with value: 4.0 and parameters: {'MOUNT_SPEED': 710, 'IR_TRIGGER': 0.20418964670736758, 'FALL_THRESHOLD': 275, 'EDGE_THRESHOLD': 700, 'RECOVER_LIMIT': 4}. Best is trial 12 with value: 4.0.
trial 82: value=0.00 blocks=0 drops=0 params={'MOUNT_SPEED': 650, 'IR_TRIGGER': 0.18708831279243837, 'FALL_THRESHOLD': 285, 'EDGE_THRESHOLD': 710, 'RECOVER_LIMIT': 5}
[I 2026-09-25 21:56:53,708] Trial 82 finished with value: 0.0 and parameters: {'MOUNT_SPEED': 650, 'IR_TRIGGER': 0.18708831279243837, 'FALL_THRESHOLD': 285, 'EDGE_THRESHOLD': 710, 'RECOVER_LIMIT': 5}. Best is trial 12 with value: 4.0.
trial 83: value=4.00 blocks=4 drops=0 params={'MOUNT_SPEED': 710, 'IR_TRIGGER': 0.25566967402625784, 'FALL_THRESHOLD': 275, 'EDGE_THRESHOLD': 730, 'RECOVER_LIMIT': 4}
[I 2026-09-25 21:56:56,331] Trial 83 finished with value: 4.0 and parameters: {'MOUNT_SPEED': 710, 'IR_TRIGGER': 0.25566967402625784, 'FALL_THRESHOLD': 275, 'EDGE_THRESHOLD': 730, 'RECOVER_LIMIT': 4}. Best is trial 12 with value: 4.0.
trial 84: value=-24.00 blocks=3 drops=27 params={'MOUNT_SPEED': 700, 'IR_TRIGGER': 0.25141698362415393, 'FALL_THRESHOLD': 290, 'EDGE_THRESHOLD': 670, 'RECOVER_LIMIT': 4}
[I 2026-09-25 21:56:58,730] Trial 84 finished with value: -24.0 and parameters: {'MOUNT_SPEED': 700, 'IR_TRIGGER': 0.25141698362415393, 'FALL_THRESHOLD': 290, 'EDGE_THRESHOLD': 670, 'RECOVER_LIMIT': 4}. Best is trial 12 with value: 4.0.
trial 85: value=-6.00 blocks=0 drops=6 params={'MOUNT_SPEED': 680, 'IR_TRIGGER': 0.16059163884167946, 'FALL_THRESHOLD': 255, 'EDGE_THRESHOLD': 690, 'RECOVER_LIMIT': 4}
[I 2026-09-25 21:57:01,604] Trial 85 finished with value: -6.0 and parameters: {'MOUNT_SPEED': 680, 'IR_TRIGGER': 0.16059163884167946, 'FALL_THRESHOLD': 255, 'EDGE_THRESHOLD': 690, 'RECOVER_LIMIT': 4}. Best is trial 12 with value: 4.0.
trial 86: value=-51.00 blocks=4 drops=45 params={'MOUNT_SPEED': 690, 'IR_TRIGGER': 0.20779988626173418, 'FALL_THRESHOLD': 270, 'EDGE_THRESHOLD': 780, 'RECOVER_LIMIT': 5}
[I 2026-09-25 21:57:04,285] Trial 86 finished with value: -51.0 and parameters: {'MOUNT_SPEED': 690, 'IR_TRIGGER': 0.20779988626173418, 'FALL_THRESHOLD': 270, 'EDGE_THRESHOLD': 780, 'RECOVER_LIMIT': 5}. Best is trial 12 with value: 4.0.
trial 87: value=-48.00 blocks=0 drops=8 params={'MOUNT_SPEED': 640, 'IR_TRIGGER': 0.2305115868451375, 'FALL_THRESHOLD': 265, 'EDGE_THRESHOLD': 690, 'RECOVER_LIMIT': 4}
[I 2026-09-25 21:57:06,297] Trial 87 finished with value: -48.0 and parameters: {'MOUNT_SPEED': 640, 'IR_TRIGGER': 0.2305115868451375, 'FALL_THRESHOLD': 265, 'EDGE_THRESHOLD': 690, 'RECOVER_LIMIT': 4}. Best is trial 12 with value: 4.0.
trial 88: value=-46.00 blocks=4 drops=50 params={'MOUNT_SPEED': 670, 'IR_TRIGGER': 0.2083376349402326, 'FALL_THRESHOLD': 265, 'EDGE_THRESHOLD': 730, 'RECOVER_LIMIT': 6}
[I 2026-09-25 21:57:08,908] Trial 88 finished with value: -46.0 and parameters: {'MOUNT_SPEED': 670, 'IR_TRIGGER': 0.2083376349402326, 'FALL_THRESHOLD': 265, 'EDGE_THRESHOLD': 730, 'RECOVER_LIMIT': 6}. Best is trial 12 with value: 4.0.
trial 89: value=-14.00 blocks=4 drops=18 params={'MOUNT_SPEED': 770, 'IR_TRIGGER': 0.2052752935877565, 'FALL_THRESHOLD': 275, 'EDGE_THRESHOLD': 710, 'RECOVER_LIMIT': 5}
[I 2026-09-25 21:57:11,472] Trial 89 finished with value: -14.0 and parameters: {'MOUNT_SPEED': 770, 'IR_TRIGGER': 0.2052752935877565, 'FALL_THRESHOLD': 275, 'EDGE_THRESHOLD': 710, 'RECOVER_LIMIT': 5}. Best is trial 12 with value: 4.0.
trial 90: value=4.00 blocks=4 drops=0 params={'MOUNT_SPEED': 740, 'IR_TRIGGER': 0.21312506953419577, 'FALL_THRESHOLD': 300, 'EDGE_THRESHOLD': 770, 'RECOVER_LIMIT': 5}
[I 2026-09-25 21:57:14,397] Trial 90 finished with value: 4.0 and parameters: {'MOUNT_SPEED': 740, 'IR_TRIGGER': 0.21312506953419577, 'FALL_THRESHOLD': 300, 'EDGE_THRESHOLD': 770, 'RECOVER_LIMIT': 5}. Best is trial 12 with value: 4.0.
trial 91: value=-46.00 blocks=4 drops=50 params={'MOUNT_SPEED': 670, 'IR_TRIGGER': 0.26154489812631687, 'FALL_THRESHOLD': 290, 'EDGE_THRESHOLD': 680, 'RECOVER_LIMIT': 5}
[I 2026-09-25 21:57:17,000] Trial 91 finished with value: -46.0 and parameters: {'MOUNT_SPEED': 670, 'IR_TRIGGER': 0.26154489812631687, 'FALL_THRESHOLD': 290, 'EDGE_THRESHOLD': 680, 'RECOVER_LIMIT': 5}. Best is trial 12 with value: 4.0.
trial 92: value=-20.00 blocks=0 drops=20 params={'MOUNT_SPEED': 790, 'IR_TRIGGER': 0.22939263636709215, 'FALL_THRESHOLD': 270, 'EDGE_THRESHOLD': 770, 'RECOVER_LIMIT': 5}
[I 2026-09-25 21:57:19,727] Trial 92 finished with value: -20.0 and parameters: {'MOUNT_SPEED': 790, 'IR_TRIGGER': 0.22939263636709215, 'FALL_THRESHOLD': 270, 'EDGE_THRESHOLD': 770, 'RECOVER_LIMIT': 5}. Best is trial 12 with value: 4.0.
trial 93: value=-52.00 blocks=0 drops=12 params={'MOUNT_SPEED': 760, 'IR_TRIGGER': 0.22842546076277365, 'FALL_THRESHOLD': 250, 'EDGE_THRESHOLD': 690, 'RECOVER_LIMIT': 5}
[I 2026-09-25 21:57:22,029] Trial 93 finished with value: -52.0 and parameters: {'MOUNT_SPEED': 760, 'IR_TRIGGER': 0.22842546076277365, 'FALL_THRESHOLD': 250, 'EDGE_THRESHOLD': 690, 'RECOVER_LIMIT': 5}. Best is trial 12 with value: 4.0.
trial 94: value=-4.00 blocks=4 drops=8 params={'MOUNT_SPEED': 620, 'IR_TRIGGER': 0.25538947064011974, 'FALL_THRESHOLD': 280, 'EDGE_THRESHOLD': 740, 'RECOVER_LIMIT': 4}
[I 2026-09-25 21:57:24,847] Trial 94 finished with value: -4.0 and parameters: {'MOUNT_SPEED': 620, 'IR_TRIGGER': 0.25538947064011974, 'FALL_THRESHOLD': 280, 'EDGE_THRESHOLD': 740, 'RECOVER_LIMIT': 4}. Best is trial 12 with value: 4.0.
trial 95: value=-4.00 blocks=4 drops=8 params={'MOUNT_SPEED': 780, 'IR_TRIGGER': 0.2690991151350116, 'FALL_THRESHOLD': 265, 'EDGE_THRESHOLD': 710, 'RECOVER_LIMIT': 4}
[I 2026-09-25 21:57:27,834] Trial 95 finished with value: -4.0 and parameters: {'MOUNT_SPEED': 780, 'IR_TRIGGER': 0.2690991151350116, 'FALL_THRESHOLD': 265, 'EDGE_THRESHOLD': 710, 'RECOVER_LIMIT': 4}. Best is trial 12 with value: 4.0.
trial 96: value=0.00 blocks=0 drops=0 params={'MOUNT_SPEED': 650, 'IR_TRIGGER': 0.2474312211525747, 'FALL_THRESHOLD': 255, 'EDGE_THRESHOLD': 740, 'RECOVER_LIMIT': 4}
[I 2026-09-25 21:57:29,624] Trial 96 finished with value: 0.0 and parameters: {'MOUNT_SPEED': 650, 'IR_TRIGGER': 0.2474312211525747, 'FALL_THRESHOLD': 255, 'EDGE_THRESHOLD': 740, 'RECOVER_LIMIT': 4}. Best is trial 12 with value: 4.0.
trial 97: value=-6.00 blocks=0 drops=6 params={'MOUNT_SPEED': 680, 'IR_TRIGGER': 0.20648288389597702, 'FALL_THRESHOLD': 260, 'EDGE_THRESHOLD': 710, 'RECOVER_LIMIT': 5}
[I 2026-09-25 21:57:32,403] Trial 97 finished with value: -6.0 and parameters: {'MOUNT_SPEED': 680, 'IR_TRIGGER': 0.20648288389597702, 'FALL_THRESHOLD': 260, 'EDGE_THRESHOLD': 710, 'RECOVER_LIMIT': 5}. Best is trial 12 with value: 4.0.
trial 98: value=-6.00 blocks=0 drops=6 params={'MOUNT_SPEED': 680, 'IR_TRIGGER': 0.24024844095977305, 'FALL_THRESHOLD': 315, 'EDGE_THRESHOLD': 690, 'RECOVER_LIMIT': 4}
[I 2026-09-25 21:57:35,193] Trial 98 finished with value: -6.0 and parameters: {'MOUNT_SPEED': 680, 'IR_TRIGGER': 0.24024844095977305, 'FALL_THRESHOLD': 315, 'EDGE_THRESHOLD': 690, 'RECOVER_LIMIT': 4}. Best is trial 12 with value: 4.0.
trial 99: value=-20.00 blocks=0 drops=20 params={'MOUNT_SPEED': 790, 'IR_TRIGGER': 0.25867192937225436, 'FALL_THRESHOLD': 275, 'EDGE_THRESHOLD': 660, 'RECOVER_LIMIT': 5}
[I 2026-09-25 21:57:37,929] Trial 99 finished with value: -20.0 and parameters: {'MOUNT_SPEED': 790, 'IR_TRIGGER': 0.25867192937225436, 'FALL_THRESHOLD': 275, 'EDGE_THRESHOLD': 660, 'RECOVER_LIMIT': 5}. Best is trial 12 with value: 4.0.
trial 100: value=-4.00 blocks=4 drops=8 params={'MOUNT_SPEED': 780, 'IR_TRIGGER': 0.21592507906865646, 'FALL_THRESHOLD': 280, 'EDGE_THRESHOLD': 780, 'RECOVER_LIMIT': 6}
[I 2026-09-25 21:57:40,887] Trial 100 finished with value: -4.0 and parameters: {'MOUNT_SPEED': 780, 'IR_TRIGGER': 0.21592507906865646, 'FALL_THRESHOLD': 280, 'EDGE_THRESHOLD': 780, 'RECOVER_LIMIT': 6}. Best is trial 12 with value: 4.0.
trial 101: value=-10.00 blocks=2 drops=12 params={'MOUNT_SPEED': 730, 'IR_TRIGGER': 0.2081078254161445, 'FALL_THRESHOLD': 345, 'EDGE_THRESHOLD': 740, 'RECOVER_LIMIT': 5}
[I 2026-09-25 21:57:43,751] Trial 101 finished with value: -10.0 and parameters: {'MOUNT_SPEED': 730, 'IR_TRIGGER': 0.2081078254161445, 'FALL_THRESHOLD': 345, 'EDGE_THRESHOLD': 740, 'RECOVER_LIMIT': 5}. Best is trial 12 with value: 4.0.
trial 102: value=-56.00 blocks=0 drops=16 params={'MOUNT_SPEED': 800, 'IR_TRIGGER': 0.20392471006734833, 'FALL_THRESHOLD': 260, 'EDGE_THRESHOLD': 760, 'RECOVER_LIMIT': 4}
[I 2026-09-25 21:57:46,670] Trial 102 finished with value: -56.0 and parameters: {'MOUNT_SPEED': 800, 'IR_TRIGGER': 0.20392471006734833, 'FALL_THRESHOLD': 260, 'EDGE_THRESHOLD': 760, 'RECOVER_LIMIT': 4}. Best is trial 12 with value: 4.0.
trial 103: value=-48.00 blocks=0 drops=8 params={'MOUNT_SPEED': 610, 'IR_TRIGGER': 0.2148989407700564, 'FALL_THRESHOLD': 260, 'EDGE_THRESHOLD': 740, 'RECOVER_LIMIT': 5}
[I 2026-09-25 21:57:48,973] Trial 103 finished with value: -48.0 and parameters: {'MOUNT_SPEED': 610, 'IR_TRIGGER': 0.2148989407700564, 'FALL_THRESHOLD': 260, 'EDGE_THRESHOLD': 740, 'RECOVER_LIMIT': 5}. Best is trial 12 with value: 4.0.
trial 104: value=0.00 blocks=0 drops=0 params={'MOUNT_SPEED': 750, 'IR_TRIGGER': 0.19789715373614136, 'FALL_THRESHOLD': 250, 'EDGE_THRESHOLD': 700, 'RECOVER_LIMIT': 4}
[I 2026-09-25 21:57:52,787] Trial 104 finished with value: 0.0 and parameters: {'MOUNT_SPEED': 750, 'IR_TRIGGER': 0.19789715373614136, 'FALL_THRESHOLD': 250, 'EDGE_THRESHOLD': 700, 'RECOVER_LIMIT': 4}. Best is trial 12 with value: 4.0.
trial 105: value=-8.00 blocks=0 drops=8 params={'MOUNT_SPEED': 730, 'IR_TRIGGER': 0.2519811804842212, 'FALL_THRESHOLD': 255, 'EDGE_THRESHOLD': 780, 'RECOVER_LIMIT': 4}
[I 2026-09-25 21:57:55,741] Trial 105 finished with value: -8.0 and parameters: {'MOUNT_SPEED': 730, 'IR_TRIGGER': 0.2519811804842212, 'FALL_THRESHOLD': 255, 'EDGE_THRESHOLD': 780, 'RECOVER_LIMIT': 4}. Best is trial 12 with value: 4.0.
trial 106: value=-4.00 blocks=4 drops=8 params={'MOUNT_SPEED': 780, 'IR_TRIGGER': 0.21468878271770797, 'FALL_THRESHOLD': 275, 'EDGE_THRESHOLD': 630, 'RECOVER_LIMIT': 5}
[I 2026-09-25 21:57:58,704] Trial 106 finished with value: -4.0 and parameters: {'MOUNT_SPEED': 780, 'IR_TRIGGER': 0.21468878271770797, 'FALL_THRESHOLD': 275, 'EDGE_THRESHOLD': 630, 'RECOVER_LIMIT': 5}. Best is trial 12 with value: 4.0.
trial 107: value=0.00 blocks=0 drops=0 params={'MOUNT_SPEED': 720, 'IR_TRIGGER': 0.2165781675351008, 'FALL_THRESHOLD': 285, 'EDGE_THRESHOLD': 740, 'RECOVER_LIMIT': 6}
