[I 2026-09-25 21:58:01,582] Trial 107 finished with value: 0.0 and parameters: {'MOUNT_SPEED': 720, 'IR_TRIGGER': 0.2165781675351008, 'FALL_THRESHOLD': 285, 'EDGE_THRESHOLD': 740, 'RECOVER_LIMIT': 6}. Best is trial 12 with value: 4.0.
trial 108: value=4.00 blocks=4 drops=0 params={'MOUNT_SPEED': 710, 'IR_TRIGGER': 0.23119897578130089, 'FALL_THRESHOLD': 270, 'EDGE_THRESHOLD': 620, 'RECOVER_LIMIT': 5}
[I 2026-09-25 21:58:04,230] Trial 108 finished with value: 4.0 and parameters: {'MOUNT_SPEED': 710, 'IR_TRIGGER': 0.23119897578130089, 'FALL_THRESHOLD': 270, 'EDGE_THRESHOLD': 620, 'RECOVER_LIMIT': 5}. Best is trial 12 with value: 4.0.
trial 109: value=0.00 blocks=0 drops=0 params={'MOUNT_SPEED': 750, 'IR_TRIGGER': 0.20984596839472808, 'FALL_THRESHOLD': 250, 'EDGE_THRESHOLD': 690, 'RECOVER_LIMIT': 6}
[I 2026-09-25 21:58:08,139] Trial 109 finished with value: 0.0 and parameters: {'MOUNT_SPEED': 750, 'IR_TRIGGER': 0.20984596839472808, 'FALL_THRESHOLD': 250, 'EDGE_THRESHOLD': 690, 'RECOVER_LIMIT': 6}. Best is trial 12 with value: 4.0.
trial 110: value=4.00 blocks=4 drops=0 params={'MOUNT_SPEED': 710, 'IR_TRIGGER': 0.18114590826020102, 'FALL_THRESHOLD': 265, 'EDGE_THRESHOLD': 760, 'RECOVER_LIMIT': 4}
[I 2026-09-25 21:58:10,818] Trial 110 finished with value: 4.0 and parameters: {'MOUNT_SPEED': 710, 'IR_TRIGGER': 0.18114590826020102, 'FALL_THRESHOLD': 265, 'EDGE_THRESHOLD': 760, 'RECOVER_LIMIT': 4}. Best is trial 12 with value: 4.0.
trial 111: value=-8.00 blocks=0 drops=8 params={'MOUNT_SPEED': 730, 'IR_TRIGGER': 0.21054238508234455, 'FALL_THRESHOLD': 300, 'EDGE_THRESHOLD': 770, 'RECOVER_LIMIT': 4}
[I 2026-09-25 21:58:13,722] Trial 111 finished with value: -8.0 and parameters: {'MOUNT_SPEED': 730, 'IR_TRIGGER': 0.21054238508234455, 'FALL_THRESHOLD': 300, 'EDGE_THRESHOLD': 770, 'RECOVER_LIMIT': 4}. Best is trial 12 with value: 4.0.
trial 112: value=-24.00 blocks=3 drops=27 params={'MOUNT_SPEED': 700, 'IR_TRIGGER': 0.20152781914504342, 'FALL_THRESHOLD': 290, 'EDGE_THRESHOLD': 660, 'RECOVER_LIMIT': 5}
[I 2026-09-25 21:58:16,112] Trial 112 finished with value: -24.0 and parameters: {'MOUNT_SPEED': 700, 'IR_TRIGGER': 0.20152781914504342, 'FALL_THRESHOLD': 290, 'EDGE_THRESHOLD': 660, 'RECOVER_LIMIT': 5}. Best is trial 12 with value: 4.0.
trial 113: value=-52.00 blocks=0 drops=12 params={'MOUNT_SPEED': 760, 'IR_TRIGGER': 0.23229679462967706, 'FALL_THRESHOLD': 305, 'EDGE_THRESHOLD': 730, 'RECOVER_LIMIT': 5}
[I 2026-09-25 21:58:18,419] Trial 113 finished with value: -52.0 and parameters: {'MOUNT_SPEED': 760, 'IR_TRIGGER': 0.23229679462967706, 'FALL_THRESHOLD': 305, 'EDGE_THRESHOLD': 730, 'RECOVER_LIMIT': 5}. Best is trial 12 with value: 4.0.
trial 114: value=-44.00 blocks=0 drops=4 params={'MOUNT_SPEED': 630, 'IR_TRIGGER': 0.1840429961939093, 'FALL_THRESHOLD': 270, 'EDGE_THRESHOLD': 750, 'RECOVER_LIMIT': 5}
[I 2026-09-25 21:58:20,639] Trial 114 finished with value: -44.0 and parameters: {'MOUNT_SPEED': 630, 'IR_TRIGGER': 0.1840429961939093, 'FALL_THRESHOLD': 270, 'EDGE_THRESHOLD': 750, 'RECOVER_LIMIT': 5}. Best is trial 12 with value: 4.0.
trial 115: value=-24.00 blocks=3 drops=27 params={'MOUNT_SPEED': 700, 'IR_TRIGGER': 0.23752151389286957, 'FALL_THRESHOLD': 270, 'EDGE_THRESHOLD': 620, 'RECOVER_LIMIT': 5}
[I 2026-09-25 21:58:23,045] Trial 115 finished with value: -24.0 and parameters: {'MOUNT_SPEED': 700, 'IR_TRIGGER': 0.23752151389286957, 'FALL_THRESHOLD': 270, 'EDGE_THRESHOLD': 620, 'RECOVER_LIMIT': 5}. Best is trial 12 with value: 4.0.
trial 116: value=4.00 blocks=4 drops=0 params={'MOUNT_SPEED': 710, 'IR_TRIGGER': 0.2706491014431815, 'FALL_THRESHOLD': 280, 'EDGE_THRESHOLD': 720, 'RECOVER_LIMIT': 4}
[I 2026-09-25 21:58:25,698] Trial 116 finished with value: 4.0 and parameters: {'MOUNT_SPEED': 710, 'IR_TRIGGER': 0.2706491014431815, 'FALL_THRESHOLD': 280, 'EDGE_THRESHOLD': 720, 'RECOVER_LIMIT': 4}. Best is trial 12 with value: 4.0.
trial 117: value=-60.00 blocks=4 drops=54 params={'MOUNT_SPEED': 690, 'IR_TRIGGER': 0.18674155184189137, 'FALL_THRESHOLD': 275, 'EDGE_THRESHOLD': 730, 'RECOVER_LIMIT': 4}
[I 2026-09-25 21:58:28,511] Trial 117 finished with value: -60.0 and parameters: {'MOUNT_SPEED': 690, 'IR_TRIGGER': 0.18674155184189137, 'FALL_THRESHOLD': 275, 'EDGE_THRESHOLD': 730, 'RECOVER_LIMIT': 4}. Best is trial 12 with value: 4.0.
trial 118: value=4.00 blocks=4 drops=0 params={'MOUNT_SPEED': 710, 'IR_TRIGGER': 0.25323049721471824, 'FALL_THRESHOLD': 300, 'EDGE_THRESHOLD': 720, 'RECOVER_LIMIT': 5}
[I 2026-09-25 21:58:31,176] Trial 118 finished with value: 4.0 and parameters: {'MOUNT_SPEED': 710, 'IR_TRIGGER': 0.25323049721471824, 'FALL_THRESHOLD': 300, 'EDGE_THRESHOLD': 720, 'RECOVER_LIMIT': 5}. Best is trial 12 with value: 4.0.
trial 119: value=4.00 blocks=4 drops=0 params={'MOUNT_SPEED': 710, 'IR_TRIGGER': 0.2648239089355016, 'FALL_THRESHOLD': 260, 'EDGE_THRESHOLD': 690, 'RECOVER_LIMIT': 4}
[I 2026-09-25 21:58:33,860] Trial 119 finished with value: 4.0 and parameters: {'MOUNT_SPEED': 710, 'IR_TRIGGER': 0.2648239089355016, 'FALL_THRESHOLD': 260, 'EDGE_THRESHOLD': 690, 'RECOVER_LIMIT': 4}. Best is trial 12 with value: 4.0.
trial 120: value=-6.00 blocks=0 drops=6 params={'MOUNT_SPEED': 680, 'IR_TRIGGER': 0.2409188103816169, 'FALL_THRESHOLD': 250, 'EDGE_THRESHOLD': 730, 'RECOVER_LIMIT': 5}
[I 2026-09-25 21:58:36,637] Trial 120 finished with value: -6.0 and parameters: {'MOUNT_SPEED': 680, 'IR_TRIGGER': 0.2409188103816169, 'FALL_THRESHOLD': 250, 'EDGE_THRESHOLD': 730, 'RECOVER_LIMIT': 5}. Best is trial 12 with value: 4.0.
trial 121: value=0.00 blocks=0 drops=0 params={'MOUNT_SPEED': 720, 'IR_TRIGGER': 0.2891462824848645, 'FALL_THRESHOLD': 295, 'EDGE_THRESHOLD': 720, 'RECOVER_LIMIT': 5}
[I 2026-09-25 21:58:39,660] Trial 121 finished with value: 0.0 and parameters: {'MOUNT_SPEED': 720, 'IR_TRIGGER': 0.2891462824848645, 'FALL_THRESHOLD': 295, 'EDGE_THRESHOLD': 720, 'RECOVER_LIMIT': 5}. Best is trial 12 with value: 4.0.
trial 122: value=-24.00 blocks=3 drops=27 params={'MOUNT_SPEED': 700, 'IR_TRIGGER': 0.24560984412856565, 'FALL_THRESHOLD': 265, 'EDGE_THRESHOLD': 680, 'RECOVER_LIMIT': 5}
[I 2026-09-25 21:58:42,050] Trial 122 finished with value: -24.0 and parameters: {'MOUNT_SPEED': 700, 'IR_TRIGGER': 0.24560984412856565, 'FALL_THRESHOLD': 265, 'EDGE_THRESHOLD': 680, 'RECOVER_LIMIT': 5}. Best is trial 12 with value: 4.0.
trial 123: value=-8.00 blocks=0 drops=8 params={'MOUNT_SPEED': 730, 'IR_TRIGGER': 0.20164067579525102, 'FALL_THRESHOLD': 295, 'EDGE_THRESHOLD': 740, 'RECOVER_LIMIT': 5}
[I 2026-09-25 21:58:44,976] Trial 123 finished with value: -8.0 and parameters: {'MOUNT_SPEED': 730, 'IR_TRIGGER': 0.20164067579525102, 'FALL_THRESHOLD': 295, 'EDGE_THRESHOLD': 740, 'RECOVER_LIMIT': 5}. Best is trial 12 with value: 4.0.
trial 124: value=-8.00 blocks=0 drops=8 params={'MOUNT_SPEED': 730, 'IR_TRIGGER': 0.18158809548912352, 'FALL_THRESHOLD': 260, 'EDGE_THRESHOLD': 770, 'RECOVER_LIMIT': 4}
[I 2026-09-25 21:58:47,888] Trial 124 finished with value: -8.0 and parameters: {'MOUNT_SPEED': 730, 'IR_TRIGGER': 0.18158809548912352, 'FALL_THRESHOLD': 260, 'EDGE_THRESHOLD': 770, 'RECOVER_LIMIT': 4}. Best is trial 12 with value: 4.0.
trial 125: value=4.00 blocks=4 drops=0 params={'MOUNT_SPEED': 710, 'IR_TRIGGER': 0.2824978063972247, 'FALL_THRESHOLD': 260, 'EDGE_THRESHOLD': 760, 'RECOVER_LIMIT': 3}
[I 2026-09-25 21:58:50,521] Trial 125 finished with value: 4.0 and parameters: {'MOUNT_SPEED': 710, 'IR_TRIGGER': 0.2824978063972247, 'FALL_THRESHOLD': 260, 'EDGE_THRESHOLD': 760, 'RECOVER_LIMIT': 3}. Best is trial 12 with value: 4.0.
trial 126: value=4.00 blocks=4 drops=0 params={'MOUNT_SPEED': 710, 'IR_TRIGGER': 0.18036095244183356, 'FALL_THRESHOLD': 290, 'EDGE_THRESHOLD': 780, 'RECOVER_LIMIT': 5}
[I 2026-09-25 21:58:53,197] Trial 126 finished with value: 4.0 and parameters: {'MOUNT_SPEED': 710, 'IR_TRIGGER': 0.18036095244183356, 'FALL_THRESHOLD': 290, 'EDGE_THRESHOLD': 780, 'RECOVER_LIMIT': 5}. Best is trial 12 with value: 4.0.
trial 127: value=-39.00 blocks=0 drops=39 params={'MOUNT_SPEED': 660, 'IR_TRIGGER': 0.1919109606758993, 'FALL_THRESHOLD': 310, 'EDGE_THRESHOLD': 780, 'RECOVER_LIMIT': 5}
[I 2026-09-25 21:58:55,945] Trial 127 finished with value: -39.0 and parameters: {'MOUNT_SPEED': 660, 'IR_TRIGGER': 0.1919109606758993, 'FALL_THRESHOLD': 310, 'EDGE_THRESHOLD': 780, 'RECOVER_LIMIT': 5}. Best is trial 12 with value: 4.0.
trial 128: value=4.00 blocks=4 drops=0 params={'MOUNT_SPEED': 710, 'IR_TRIGGER': 0.22733004892563216, 'FALL_THRESHOLD': 265, 'EDGE_THRESHOLD': 730, 'RECOVER_LIMIT': 4}
[I 2026-09-25 21:58:58,680] Trial 128 finished with value: 4.0 and parameters: {'MOUNT_SPEED': 710, 'IR_TRIGGER': 0.22733004892563216, 'FALL_THRESHOLD': 265, 'EDGE_THRESHOLD': 730, 'RECOVER_LIMIT': 4}. Best is trial 12 with value: 4.0.
trial 129: value=-8.00 blocks=0 drops=8 params={'MOUNT_SPEED': 730, 'IR_TRIGGER': 0.2136210839658832, 'FALL_THRESHOLD': 275, 'EDGE_THRESHOLD': 660, 'RECOVER_LIMIT': 4}
[I 2026-09-25 21:59:01,661] Trial 129 finished with value: -8.0 and parameters: {'MOUNT_SPEED': 730, 'IR_TRIGGER': 0.2136210839658832, 'FALL_THRESHOLD': 275, 'EDGE_THRESHOLD': 660, 'RECOVER_LIMIT': 4}. Best is trial 12 with value: 4.0.
trial 130: value=-60.00 blocks=4 drops=54 params={'MOUNT_SPEED': 690, 'IR_TRIGGER': 0.15076114923789247, 'FALL_THRESHOLD': 270, 'EDGE_THRESHOLD': 750, 'RECOVER_LIMIT': 5}
[I 2026-09-25 21:59:04,413] Trial 130 finished with value: -60.0 and parameters: {'MOUNT_SPEED': 690, 'IR_TRIGGER': 0.15076114923789247, 'FALL_THRESHOLD': 270, 'EDGE_THRESHOLD': 750, 'RECOVER_LIMIT': 5}. Best is trial 12 with value: 4.0.
trial 131: value=4.00 blocks=4 drops=0 params={'MOUNT_SPEED': 710, 'IR_TRIGGER': 0.2332880903488387, 'FALL_THRESHOLD': 305, 'EDGE_THRESHOLD': 780, 'RECOVER_LIMIT': 5}
[I 2026-09-25 21:59:07,159] Trial 131 finished with value: 4.0 and parameters: {'MOUNT_SPEED': 710, 'IR_TRIGGER': 0.2332880903488387, 'FALL_THRESHOLD': 305, 'EDGE_THRESHOLD': 780, 'RECOVER_LIMIT': 5}. Best is trial 12 with value: 4.0.
trial 132: value=-7.00 blocks=4 drops=11 params={'MOUNT_SPEED': 780, 'IR_TRIGGER': 0.2793163681457266, 'FALL_THRESHOLD': 310, 'EDGE_THRESHOLD': 750, 'RECOVER_LIMIT': 5}
[I 2026-09-25 21:59:10,137] Trial 132 finished with value: -7.0 and parameters: {'MOUNT_SPEED': 780, 'IR_TRIGGER': 0.2793163681457266, 'FALL_THRESHOLD': 310, 'EDGE_THRESHOLD': 750, 'RECOVER_LIMIT': 5}. Best is trial 12 with value: 4.0.
trial 133: value=-8.00 blocks=0 drops=8 params={'MOUNT_SPEED': 730, 'IR_TRIGGER': 0.26651115673280035, 'FALL_THRESHOLD': 285, 'EDGE_THRESHOLD': 730, 'RECOVER_LIMIT': 4}
[I 2026-09-25 21:59:13,039] Trial 133 finished with value: -8.0 and parameters: {'MOUNT_SPEED': 730, 'IR_TRIGGER': 0.26651115673280035, 'FALL_THRESHOLD': 285, 'EDGE_THRESHOLD': 730, 'RECOVER_LIMIT': 4}. Best is trial 12 with value: 4.0.
trial 134: value=0.00 blocks=0 drops=0 params={'MOUNT_SPEED': 720, 'IR_TRIGGER': 0.2857514164309841, 'FALL_THRESHOLD': 275, 'EDGE_THRESHOLD': 780, 'RECOVER_LIMIT': 5}
[I 2026-09-25 21:59:15,906] Trial 134 finished with value: 0.0 and parameters: {'MOUNT_SPEED': 720, 'IR_TRIGGER': 0.2857514164309841, 'FALL_THRESHOLD': 275, 'EDGE_THRESHOLD': 780, 'RECOVER_LIMIT': 5}. Best is trial 12 with value: 4.0.
trial 135: value=0.00 blocks=0 drops=0 params={'MOUNT_SPEED': 750, 'IR_TRIGGER': 0.20468252748219126, 'FALL_THRESHOLD': 310, 'EDGE_THRESHOLD': 780, 'RECOVER_LIMIT': 5}
[I 2026-09-25 21:59:19,748] Trial 135 finished with value: 0.0 and parameters: {'MOUNT_SPEED': 750, 'IR_TRIGGER': 0.20468252748219126, 'FALL_THRESHOLD': 310, 'EDGE_THRESHOLD': 780, 'RECOVER_LIMIT': 5}. Best is trial 12 with value: 4.0.
trial 136: value=-39.00 blocks=0 drops=39 params={'MOUNT_SPEED': 660, 'IR_TRIGGER': 0.23676468695827968, 'FALL_THRESHOLD': 305, 'EDGE_THRESHOLD': 800, 'RECOVER_LIMIT': 5}
[I 2026-09-25 21:59:22,534] Trial 136 finished with value: -39.0 and parameters: {'MOUNT_SPEED': 660, 'IR_TRIGGER': 0.23676468695827968, 'FALL_THRESHOLD': 305, 'EDGE_THRESHOLD': 800, 'RECOVER_LIMIT': 5}. Best is trial 12 with value: 4.0.
trial 137: value=-37.00 blocks=1 drops=38 params={'MOUNT_SPEED': 660, 'IR_TRIGGER': 0.18794478949094875, 'FALL_THRESHOLD': 270, 'EDGE_THRESHOLD': 670, 'RECOVER_LIMIT': 4}
[I 2026-09-25 21:59:25,271] Trial 137 finished with value: -37.0 and parameters: {'MOUNT_SPEED': 660, 'IR_TRIGGER': 0.18794478949094875, 'FALL_THRESHOLD': 270, 'EDGE_THRESHOLD': 670, 'RECOVER_LIMIT': 4}. Best is trial 12 with value: 4.0.
trial 138: value=-4.00 blocks=4 drops=8 params={'MOUNT_SPEED': 780, 'IR_TRIGGER': 0.1786380177043057, 'FALL_THRESHOLD': 270, 'EDGE_THRESHOLD': 710, 'RECOVER_LIMIT': 4}
[I 2026-09-25 21:59:28,215] Trial 138 finished with value: -4.0 and parameters: {'MOUNT_SPEED': 780, 'IR_TRIGGER': 0.1786380177043057, 'FALL_THRESHOLD': 270, 'EDGE_THRESHOLD': 710, 'RECOVER_LIMIT': 4}. Best is trial 12 with value: 4.0.
trial 139: value=-24.00 blocks=3 drops=27 params={'MOUNT_SPEED': 700, 'IR_TRIGGER': 0.23903189272293726, 'FALL_THRESHOLD': 295, 'EDGE_THRESHOLD': 740, 'RECOVER_LIMIT': 4}
[I 2026-09-25 21:59:30,611] Trial 139 finished with value: -24.0 and parameters: {'MOUNT_SPEED': 700, 'IR_TRIGGER': 0.23903189272293726, 'FALL_THRESHOLD': 295, 'EDGE_THRESHOLD': 740, 'RECOVER_LIMIT': 4}. Best is trial 12 with value: 4.0.
trial 140: value=0.00 blocks=0 drops=0 params={'MOUNT_SPEED': 720, 'IR_TRIGGER': 0.16675896877446694, 'FALL_THRESHOLD': 295, 'EDGE_THRESHOLD': 780, 'RECOVER_LIMIT': 5}
[I 2026-09-25 21:59:33,502] Trial 140 finished with value: 0.0 and parameters: {'MOUNT_SPEED': 720, 'IR_TRIGGER': 0.16675896877446694, 'FALL_THRESHOLD': 295, 'EDGE_THRESHOLD': 780, 'RECOVER_LIMIT': 5}. Best is trial 12 with value: 4.0.
trial 141: value=-37.00 blocks=1 drops=38 params={'MOUNT_SPEED': 660, 'IR_TRIGGER': 0.18666747566913972, 'FALL_THRESHOLD': 290, 'EDGE_THRESHOLD': 760, 'RECOVER_LIMIT': 4}
[I 2026-09-25 21:59:36,273] Trial 141 finished with value: -37.0 and parameters: {'MOUNT_SPEED': 660, 'IR_TRIGGER': 0.18666747566913972, 'FALL_THRESHOLD': 290, 'EDGE_THRESHOLD': 760, 'RECOVER_LIMIT': 4}. Best is trial 12 with value: 4.0.
trial 142: value=-51.00 blocks=4 drops=45 params={'MOUNT_SPEED': 690, 'IR_TRIGGER': 0.30372528471676474, 'FALL_THRESHOLD': 270, 'EDGE_THRESHOLD': 650, 'RECOVER_LIMIT': 4}
[I 2026-09-25 21:59:39,015] Trial 142 finished with value: -51.0 and parameters: {'MOUNT_SPEED': 690, 'IR_TRIGGER': 0.30372528471676474, 'FALL_THRESHOLD': 270, 'EDGE_THRESHOLD': 650, 'RECOVER_LIMIT': 4}. Best is trial 12 with value: 4.0.
trial 143: value=-28.00 blocks=2 drops=30 params={'MOUNT_SPEED': 700, 'IR_TRIGGER': 0.25529707490715176, 'FALL_THRESHOLD': 240, 'EDGE_THRESHOLD': 730, 'RECOVER_LIMIT': 4}
[I 2026-09-25 21:59:41,404] Trial 143 finished with value: -28.0 and parameters: {'MOUNT_SPEED': 700, 'IR_TRIGGER': 0.25529707490715176, 'FALL_THRESHOLD': 240, 'EDGE_THRESHOLD': 730, 'RECOVER_LIMIT': 4}. Best is trial 12 with value: 4.0.
trial 144: value=0.00 blocks=0 drops=0 params={'MOUNT_SPEED': 720, 'IR_TRIGGER': 0.2597235333142188, 'FALL_THRESHOLD': 320, 'EDGE_THRESHOLD': 770, 'RECOVER_LIMIT': 5}
[I 2026-09-25 21:59:44,326] Trial 144 finished with value: 0.0 and parameters: {'MOUNT_SPEED': 720, 'IR_TRIGGER': 0.2597235333142188, 'FALL_THRESHOLD': 320, 'EDGE_THRESHOLD': 770, 'RECOVER_LIMIT': 5}. Best is trial 12 with value: 4.0.
trial 145: value=4.00 blocks=4 drops=0 params={'MOUNT_SPEED': 710, 'IR_TRIGGER': 0.17657121852084215, 'FALL_THRESHOLD': 295, 'EDGE_THRESHOLD': 800, 'RECOVER_LIMIT': 4}
[I 2026-09-25 21:59:46,989] Trial 145 finished with value: 4.0 and parameters: {'MOUNT_SPEED': 710, 'IR_TRIGGER': 0.17657121852084215, 'FALL_THRESHOLD': 295, 'EDGE_THRESHOLD': 800, 'RECOVER_LIMIT': 4}. Best is trial 12 with value: 4.0.
trial 146: value=-46.00 blocks=4 drops=50 params={'MOUNT_SPEED': 670, 'IR_TRIGGER': 0.2277249500496357, 'FALL_THRESHOLD': 290, 'EDGE_THRESHOLD': 770, 'RECOVER_LIMIT': 5}
[I 2026-09-25 21:59:49,640] Trial 146 finished with value: -46.0 and parameters: {'MOUNT_SPEED': 670, 'IR_TRIGGER': 0.2277249500496357, 'FALL_THRESHOLD': 290, 'EDGE_THRESHOLD': 770, 'RECOVER_LIMIT': 5}. Best is trial 12 with value: 4.0.
trial 147: value=0.00 blocks=0 drops=0 params={'MOUNT_SPEED': 750, 'IR_TRIGGER': 0.17800762037240098, 'FALL_THRESHOLD': 300, 'EDGE_THRESHOLD': 800, 'RECOVER_LIMIT': 4}
[I 2026-09-25 21:59:53,491] Trial 147 finished with value: 0.0 and parameters: {'MOUNT_SPEED': 750, 'IR_TRIGGER': 0.17800762037240098, 'FALL_THRESHOLD': 300, 'EDGE_THRESHOLD': 800, 'RECOVER_LIMIT': 4}. Best is trial 12 with value: 4.0.
trial 148: value=-51.00 blocks=4 drops=45 params={'MOUNT_SPEED': 690, 'IR_TRIGGER': 0.267002844259267, 'FALL_THRESHOLD': 270, 'EDGE_THRESHOLD': 710, 'RECOVER_LIMIT': 4}
[I 2026-09-25 21:59:56,169] Trial 148 finished with value: -51.0 and parameters: {'MOUNT_SPEED': 690, 'IR_TRIGGER': 0.267002844259267, 'FALL_THRESHOLD': 270, 'EDGE_THRESHOLD': 710, 'RECOVER_LIMIT': 4}. Best is trial 12 with value: 4.0.
trial 149: value=4.00 blocks=4 drops=0 params={'MOUNT_SPEED': 710, 'IR_TRIGGER': 0.1909509447821235, 'FALL_THRESHOLD': 315, 'EDGE_THRESHOLD': 740, 'RECOVER_LIMIT': 5}
[I 2026-09-25 21:59:58,834] Trial 149 finished with value: 4.0 and parameters: {'MOUNT_SPEED': 710, 'IR_TRIGGER': 0.1909509447821235, 'FALL_THRESHOLD': 315, 'EDGE_THRESHOLD': 740, 'RECOVER_LIMIT': 5}. Best is trial 12 with value: 4.0.
BEST: 4.0 {'MOUNT_SPEED': 710, 'IR_TRIGGER': 0.19627517753870788, 'FALL_THRESHOLD': 270, 'EDGE_THRESHOLD': 700, 'RECOVER_LIMIT': 5}
IMPORTANCES: {'MOUNT_SPEED': 0.8059454180387037, 'FALL_THRESHOLD': 0.07429156183472511, 'RECOVER_LIMIT': 0.06868197822908002, 'IR_TRIGGER': 0.028298642373353715, 'EDGE_THRESHOLD': 0.022782399524137464}
